<?xml version="1.0" encoding="UTF-8"?>
<!-- Generated by org.testng.reporters.JUnitXMLReporter -->
<testsuite ignored="0" hostname="jasasane-ubuntu20" failures="1" tests="1" name="TestNGTest(failed)" time="16.207" errors="0" timestamp="2023-12-20T16:04:14 PST">
  <testcase classname="testCases.TC_002_AccountLoginTest" name="test_account_login" time="11.106">
    <failure type="java.lang.AssertionError" message="Invalid Login Data expected [true] but found [false]">
      <![CDATA[java.lang.AssertionError: Invalid Login Data expected [true] but found [false]
at testCases.TC_002_AccountLoginTest.test_account_login(TC_002_AccountLoginTest.java:36)
at java.base/java.util.ArrayList.forEach(ArrayList.java:1511)
... Removed 33 stack frames]]>
    </failure>
  </testcase> <!-- test_account_login -->
</testsuite> <!-- TestNGTest(failed) -->
